{"C:\\Users\\Skylan\\Desktop\\CS\\binary-search-tree\\src\\bst-node.js": {"path":"C:\\Users\\Skylan\\Desktop\\CS\\binary-search-tree\\src\\bst-node.js","statementMap":{"0":{"start":{"line":3,"column":4},"end":{"line":3,"column":21}}},"fnMap":{"0":{"name":"(anonymous_0)","decl":{"start":{"line":2,"column":2},"end":{"line":2,"column":3}},"loc":{"start":{"line":2,"column":20},"end":{"line":4,"column":3}},"line":2}},"branchMap":{},"s":{"0":1},"f":{"0":1},"b":{},"_coverageSchema":"43e27e138ebf9cfc5966b082cf9a028302ed4184","hash":"ebe444184600379413403775d7042b9480833eab"}
}
