{"C:\\Users\\Skylan\\Desktop\\CS\\binary-search-tree\\src\\bst-node.js": {"path":"C:\\Users\\Skylan\\Desktop\\CS\\binary-search-tree\\src\\bst-node.js","statementMap":{"0":{"start":{"line":4,"column":4},"end":{"line":4,"column":21}},"1":{"start":{"line":5,"column":4},"end":{"line":5,"column":21}},"2":{"start":{"line":6,"column":4},"end":{"line":6,"column":22}}},"fnMap":{"0":{"name":"(anonymous_0)","decl":{"start":{"line":3,"column":2},"end":{"line":3,"column":3}},"loc":{"start":{"line":3,"column":20},"end":{"line":7,"column":3}},"line":3}},"branchMap":{},"s":{"0":17,"1":17,"2":17},"f":{"0":17},"b":{},"_coverageSchema":"43e27e138ebf9cfc5966b082cf9a028302ed4184","hash":"f9518d2e7407e4a9ddad0a3e8d78818322c7f6cd"}
,"C:\\Users\\Skylan\\Desktop\\CS\\binary-search-tree\\src\\bst.js": {"path":"C:\\Users\\Skylan\\Desktop\\CS\\binary-search-tree\\src\\bst.js","statementMap":{"0":{"start":{"line":4,"column":4},"end":{"line":4,"column":21}},"1":{"start":{"line":9,"column":4},"end":{"line":39,"column":5}},"2":{"start":{"line":10,"column":6},"end":{"line":10,"column":31}},"3":{"start":{"line":12,"column":24},"end":{"line":12,"column":33}},"4":{"start":{"line":13,"column":6},"end":{"line":38,"column":7}},"5":{"start":{"line":15,"column":8},"end":{"line":37,"column":9}},"6":{"start":{"line":17,"column":10},"end":{"line":23,"column":11}},"7":{"start":{"line":18,"column":12},"end":{"line":18,"column":44}},"8":{"start":{"line":19,"column":12},"end":{"line":19,"column":24}},"9":{"start":{"line":22,"column":12},"end":{"line":22,"column":43}},"10":{"start":{"line":25,"column":15},"end":{"line":37,"column":9}},"11":{"start":{"line":27,"column":10},"end":{"line":33,"column":11}},"12":{"start":{"line":28,"column":12},"end":{"line":28,"column":45}},"13":{"start":{"line":29,"column":12},"end":{"line":29,"column":24}},"14":{"start":{"line":32,"column":12},"end":{"line":32,"column":44}},"15":{"start":{"line":36,"column":10},"end":{"line":36,"column":22}}},"fnMap":{"0":{"name":"(anonymous_0)","decl":{"start":{"line":3,"column":2},"end":{"line":3,"column":3}},"loc":{"start":{"line":3,"column":16},"end":{"line":5,"column":3}},"line":3},"1":{"name":"(anonymous_1)","decl":{"start":{"line":7,"column":2},"end":{"line":7,"column":3}},"loc":{"start":{"line":7,"column":27},"end":{"line":40,"column":3}},"line":7}},"branchMap":{"0":{"loc":{"start":{"line":9,"column":4},"end":{"line":39,"column":5}},"type":"if","locations":[{"start":{"line":9,"column":4},"end":{"line":39,"column":5}},{"start":{"line":9,"column":4},"end":{"line":39,"column":5}}],"line":9},"1":{"loc":{"start":{"line":15,"column":8},"end":{"line":37,"column":9}},"type":"if","locations":[{"start":{"line":15,"column":8},"end":{"line":37,"column":9}},{"start":{"line":15,"column":8},"end":{"line":37,"column":9}}],"line":15},"2":{"loc":{"start":{"line":17,"column":10},"end":{"line":23,"column":11}},"type":"if","locations":[{"start":{"line":17,"column":10},"end":{"line":23,"column":11}},{"start":{"line":17,"column":10},"end":{"line":23,"column":11}}],"line":17},"3":{"loc":{"start":{"line":25,"column":15},"end":{"line":37,"column":9}},"type":"if","locations":[{"start":{"line":25,"column":15},"end":{"line":37,"column":9}},{"start":{"line":25,"column":15},"end":{"line":37,"column":9}}],"line":25},"4":{"loc":{"start":{"line":27,"column":10},"end":{"line":33,"column":11}},"type":"if","locations":[{"start":{"line":27,"column":10},"end":{"line":33,"column":11}},{"start":{"line":27,"column":10},"end":{"line":33,"column":11}}],"line":27}},"s":{"0":8,"1":16,"2":7,"3":9,"4":9,"5":12,"6":6,"7":4,"8":4,"9":2,"10":6,"11":5,"12":4,"13":4,"14":1,"15":1},"f":{"0":8,"1":16},"b":{"0":[7,9],"1":[6,6],"2":[4,2],"3":[5,1],"4":[4,1]},"_coverageSchema":"43e27e138ebf9cfc5966b082cf9a028302ed4184","hash":"e9267ecfb4b8c3364a97f9edd9f7ac5a517ae44d"}
}
