TN:
SF:C:\Users\Skylan\Desktop\CS\binary-search-tree\src\bst-node.js
FN:3,(anonymous_0)
FNF:1
FNH:1
FNDA:17,(anonymous_0)
DA:4,17
DA:5,17
DA:6,17
LF:3
LH:3
BRF:0
BRH:0
end_of_record
TN:
SF:C:\Users\Skylan\Desktop\CS\binary-search-tree\src\bst.js
FN:3,(anonymous_0)
FN:7,(anonymous_1)
FNF:2
FNH:2
FNDA:8,(anonymous_0)
FNDA:16,(anonymous_1)
DA:4,8
DA:9,16
DA:10,7
DA:12,9
DA:13,9
DA:15,12
DA:17,6
DA:18,4
DA:19,4
DA:22,2
DA:25,6
DA:27,5
DA:28,4
DA:29,4
DA:32,1
DA:36,1
LF:16
LH:16
BRDA:9,0,0,7
BRDA:9,0,1,9
BRDA:15,1,0,6
BRDA:15,1,1,6
BRDA:17,2,0,4
BRDA:17,2,1,2
BRDA:25,3,0,5
BRDA:25,3,1,1
BRDA:27,4,0,4
BRDA:27,4,1,1
BRF:10
BRH:10
end_of_record
