TN:
SF:C:\Users\Skylan\Desktop\CS\binary-search-tree\src\bst-node.js
FN:3,(anonymous_0)
FNF:1
FNH:1
FNDA:15,(anonymous_0)
DA:4,15
DA:5,15
DA:6,15
LF:3
LH:3
BRF:0
BRH:0
end_of_record
TN:
SF:C:\Users\Skylan\Desktop\CS\binary-search-tree\src\bst.js
FN:3,(anonymous_0)
FN:7,(anonymous_1)
FNF:2
FNH:2
FNDA:7,(anonymous_0)
FNDA:14,(anonymous_1)
DA:4,7
DA:9,14
DA:10,6
DA:12,8
DA:13,8
DA:15,11
DA:17,6
DA:18,4
DA:19,4
DA:22,2
DA:24,5
DA:25,5
DA:26,4
DA:27,4
DA:29,1
LF:15
LH:15
BRDA:9,0,0,6
BRDA:9,0,1,8
BRDA:15,1,0,6
BRDA:15,1,1,5
BRDA:17,2,0,4
BRDA:17,2,1,2
BRDA:24,3,0,5
BRDA:24,3,1,0
BRDA:25,4,0,4
BRDA:25,4,1,1
BRF:10
BRH:9
end_of_record
